<?xml version="1.0" encoding="UTF-8"?>
<!-- Generated by org.testng.reporters.JUnitReportReporter -->
<testsuite skipped="0" hostname="LAPTOP-2BKA36GC" name="com.crm.qa.testcases.ContactsPageTest" tests="3" failures="0" timestamp="03 Jul 2021 17:40:05 GMT" time="41.778" errors="0">
  <testcase name="validateCreateNewContact" time="14.008" classname="com.crm.qa.testcases.ContactsPageTest"/>
  <testcase name="validateCreateNewContact" time="14.025" classname="com.crm.qa.testcases.ContactsPageTest"/>
  <testcase name="validateCreateNewContact" time="13.745" classname="com.crm.qa.testcases.ContactsPageTest"/>
</testsuite> <!-- com.crm.qa.testcases.ContactsPageTest -->
