<?xml version="1.0" encoding="UTF-8"?>
<!-- Generated by org.testng.reporters.JUnitReportReporter -->
<testsuite skipped="0" hostname="LAPTOP-2BKA36GC" name="com.crm.qa.testcases.LoginPageTest" tests="3" failures="0" timestamp="2021-07-04T10:06:54 IST" time="13.930" errors="0">
  <testcase name="loginPageTitleTest" time="3.450" classname="com.crm.qa.testcases.LoginPageTest"/>
  <system-out/>
  <testcase name="CRMLogoImageTest" time="3.325" classname="com.crm.qa.testcases.LoginPageTest"/>
  <system-out/>
  <testcase name="loginTest" time="7.155" classname="com.crm.qa.testcases.LoginPageTest"/>
  <system-out/>
</testsuite> <!-- com.crm.qa.testcases.LoginPageTest -->
