<?xml version="1.0" encoding="UTF-8"?>
<!-- Generated by org.testng.reporters.JUnitReportReporter -->
<testsuite skipped="0" hostname="LAPTOP-2BKA36GC" name="com.crm.qa.testcases.QACheck" tests="1" failures="0" timestamp="28 Jun 2021 18:52:28 GMT" time="10.992" errors="0">
  <testcase name="selectContactsTest" time="10.992" classname="com.crm.qa.testcases.QACheck"/>
</testsuite> <!-- com.crm.qa.testcases.QACheck -->
