<?xml version="1.0" encoding="UTF-8"?>
<!-- Generated by org.testng.reporters.JUnitReportReporter -->
<testsuite skipped="0" hostname="LAPTOP-2BKA36GC" name="com.crm.qa.testcases.LoginPageTest" tests="4" failures="0" timestamp="27 Jun 2021 10:15:47 GMT" time="20.525" errors="0">
  <testcase name="loginPageTitleTest" time="6.766" classname="com.crm.qa.testcases.LoginPageTest"/>
  <testcase name="CRMLogoImageTest" time="2.140" classname="com.crm.qa.testcases.LoginPageTest"/>
  <testcase name="loginTest" time="5.932" classname="com.crm.qa.testcases.LoginPageTest"/>
  <testcase name="loginTest" time="5.687" classname="com.crm.qa.testcases.LoginPageTest"/>
</testsuite> <!-- com.crm.qa.testcases.LoginPageTest -->
