<?xml version="1.0" encoding="UTF-8"?>
<!-- Generated by org.testng.reporters.JUnitReportReporter -->
<testsuite skipped="0" hostname="LAPTOP-2BKA36GC" name="com.crm.qa.testcases.ContactsPageTest" tests="3" failures="0" timestamp="02 Jul 2021 16:40:27 GMT" time="31.909" errors="0">
  <testcase name="verifyContactsPageLabel" time="10.553" classname="com.crm.qa.testcases.ContactsPageTest"/>
  <testcase name="selectContactsTest" time="11.140" classname="com.crm.qa.testcases.ContactsPageTest"/>
  <testcase name="selectMultipleContacts" time="10.216" classname="com.crm.qa.testcases.ContactsPageTest"/>
</testsuite> <!-- com.crm.qa.testcases.ContactsPageTest -->
