<?xml version="1.0" encoding="UTF-8"?>
<!-- Generated by org.testng.reporters.JUnitReportReporter -->
<testsuite skipped="0" hostname="LAPTOP-2BKA36GC" name="com.crm.qa.testcases.LoginPageTest" tests="3" failures="0" timestamp="02 Jul 2021 17:37:08 GMT" time="14.350" errors="0">
  <testcase name="loginPageTitleTest" time="4.253" classname="com.crm.qa.testcases.LoginPageTest"/>
  <testcase name="CRMLogoImageTest" time="3.997" classname="com.crm.qa.testcases.LoginPageTest"/>
  <testcase name="loginTest" time="6.100" classname="com.crm.qa.testcases.LoginPageTest"/>
</testsuite> <!-- com.crm.qa.testcases.LoginPageTest -->
